Saved: outputs/results.json
Artifact-only export complete; no model training was performed.
=== Frozen direct final audit ===
Origins: 2024-01-17, 2024-05-15, 2024-11-14
Ensemble weights: NeuralNet=0.360, XGBoost=0.250, LightGBM=0.390
  [final_audit] origin 2024-01-17: eval 2024-01-18..2024-01-24
      epoch   1/30 | train loss 0.3274
      epoch  10/30 | train loss 0.1550
      epoch  20/30 | train loss 0.1235
      epoch  30/30 | train loss 0.1130
      epoch   1/30 | train loss 0.3248
      epoch  10/30 | train loss 0.1537
      epoch  20/30 | train loss 0.1217
      epoch  30/30 | train loss 0.1121
      epoch   1/30 | train loss 0.3198
      epoch  10/30 | train loss 0.1530
      epoch  20/30 | train loss 0.1215
      epoch  30/30 | train loss 0.1123
    [timing] final_audit 2024-01-17: NN 114.8s | trees 10.6s | fold total 127.4s
  [final_audit] origin 2024-05-15: eval 2024-05-16..2024-05-22
      epoch   1/30 | train loss 0.3293
      epoch  10/30 | train loss 0.1545
      epoch  20/30 | train loss 0.1236
      epoch  30/30 | train loss 0.1141
      epoch   1/30 | train loss 0.3257
      epoch  10/30 | train loss 0.1557
      epoch  20/30 | train loss 0.1232
      epoch  30/30 | train loss 0.1140
      epoch   1/30 | train loss 0.3243
      epoch  10/30 | train loss 0.1531
      epoch  20/30 | train loss 0.1232
      epoch  30/30 | train loss 0.1121
    [timing] final_audit 2024-05-15: NN 116.4s | trees 11.1s | fold total 129.9s
  [final_audit] origin 2024-11-14: eval 2024-11-15..2024-11-21
      epoch   1/30 | train loss 0.3109
      epoch  10/30 | train loss 0.1485
      epoch  20/30 | train loss 0.1192
      epoch  30/30 | train loss 0.1102
      epoch   1/30 | train loss 0.3070
      epoch  10/30 | train loss 0.1479
      epoch  20/30 | train loss 0.1190
      epoch  30/30 | train loss 0.1105
      epoch   1/30 | train loss 0.3039
      epoch  10/30 | train loss 0.1481
      epoch  20/30 | train loss 0.1187
      epoch  30/30 | train loss 0.1097
    [timing] final_audit 2024-11-14: NN 135.3s | trees 17.4s | fold total 155.5s

Final-audit conditional/common/global:
        model     WAPE  BiasRatio  coverage
     Ensemble 0.299304  -0.115406       1.0
    NeuralNet 0.301079  -0.127371       1.0
     LightGBM 0.311915  -0.104908       1.0
      XGBoost 0.320216  -0.114553       1.0
 DynamicRidge 0.381926  -0.072941       1.0
SeasonalNaive 0.509772  -0.111223       1.0
  MovingAvg28 0.516405  -0.308992       1.0
Saved final-audit artifacts. No ensemble weights were refitted.
