
[c2_gate] base_half_none: half=none, loss=huber, target=residual, channel_history=False, channel_aux=0.0
  [development] origin 2023-01-10: eval 2023-01-11..2023-01-17
      epoch   1/12 | train loss 0.1588
      epoch  10/12 | train loss 0.0866
      epoch  12/12 | train loss 0.0853
    [timing] development 2023-01-10: NN 3.0s | trees 0.0s | fold total 4.2s
  [development] origin 2024-06-20: eval 2024-06-21..2024-06-27
      epoch   1/12 | train loss 0.1537
      epoch  10/12 | train loss 0.0840
      epoch  12/12 | train loss 0.0826
    [timing] development 2024-06-20: NN 4.0s | trees 0.0s | fold total 6.4s
  [development] origin 2024-11-29: eval 2024-11-30..2024-12-06
      epoch   1/12 | train loss 0.1447
      epoch  10/12 | train loss 0.0802
      epoch  12/12 | train loss 0.0787
    [timing] development 2024-11-29: NN 4.7s | trees 0.0s | fold total 7.4s
  [development] origin 2025-02-10: eval 2025-02-11..2025-02-17
      epoch   1/12 | train loss 0.1445
      epoch  10/12 | train loss 0.0800
      epoch  12/12 | train loss 0.0787
    [timing] development 2025-02-10: NN 5.9s | trees 0.0s | fold total 9.0s

[c2_gate] base_half_365p0: half=365p0, loss=huber, target=residual, channel_history=False, channel_aux=0.0
  [development] origin 2023-01-10: eval 2023-01-11..2023-01-17
      epoch   1/12 | train loss 0.1516
      epoch  10/12 | train loss 0.0809
      epoch  12/12 | train loss 0.0802
    [timing] development 2023-01-10: NN 2.3s | trees 0.0s | fold total 3.5s
  [development] origin 2024-06-20: eval 2024-06-21..2024-06-27
      epoch   1/12 | train loss 0.1499
      epoch  10/12 | train loss 0.0754
      epoch  12/12 | train loss 0.0736
    [timing] development 2024-06-20: NN 4.1s | trees 0.0s | fold total 6.6s
  [development] origin 2024-11-29: eval 2024-11-30..2024-12-06
      epoch   1/12 | train loss 0.1306
      epoch  10/12 | train loss 0.0676
      epoch  12/12 | train loss 0.0664
    [timing] development 2024-11-29: NN 5.0s | trees 0.0s | fold total 7.8s
  [development] origin 2025-02-10: eval 2025-02-11..2025-02-17
      epoch   1/12 | train loss 0.1326
      epoch  10/12 | train loss 0.0683
      epoch  12/12 | train loss 0.0668
    [timing] development 2025-02-10: NN 6.1s | trees 0.0s | fold total 9.3s

[nn_loss] loss_huber: half=none, loss=huber, target=residual, channel_history=False, channel_aux=0.0
    [reuse] statistically identical to base_half_none

[nn_loss] loss_mse: half=none, loss=mse, target=residual, channel_history=False, channel_aux=0.0
  [development] origin 2023-01-10: eval 2023-01-11..2023-01-17
      epoch   1/12 | train loss 0.3714
      epoch  10/12 | train loss 0.1840
      epoch  12/12 | train loss 0.1819
    [timing] development 2023-01-10: NN 2.6s | trees 0.0s | fold total 4.0s
  [development] origin 2024-06-20: eval 2024-06-21..2024-06-27
      epoch   1/12 | train loss 0.3748
      epoch  10/12 | train loss 0.1796
      epoch  12/12 | train loss 0.1767
    [timing] development 2024-06-20: NN 3.9s | trees 0.0s | fold total 6.4s
  [development] origin 2024-11-29: eval 2024-11-30..2024-12-06
      epoch   1/12 | train loss 0.3487
      epoch  10/12 | train loss 0.1714
      epoch  12/12 | train loss 0.1681
    [timing] development 2024-11-29: NN 4.4s | trees 0.0s | fold total 7.2s
  [development] origin 2025-02-10: eval 2025-02-11..2025-02-17
      epoch   1/12 | train loss 0.3502
      epoch  10/12 | train loss 0.1708
      epoch  12/12 | train loss 0.1673
    [timing] development 2025-02-10: NN 4.9s | trees 0.0s | fold total 7.9s

[nn_loss] loss_combined: half=none, loss=combined, target=residual, channel_history=False, channel_aux=0.0
  [development] origin 2023-01-10: eval 2023-01-11..2023-01-17
      epoch   1/12 | train loss 0.2121
      epoch  10/12 | train loss 0.1108
      epoch  12/12 | train loss 0.1094
    [timing] development 2023-01-10: NN 2.3s | trees 0.0s | fold total 3.6s
  [development] origin 2024-06-20: eval 2024-06-21..2024-06-27
      epoch   1/12 | train loss 0.2093
      epoch  10/12 | train loss 0.1074
      epoch  12/12 | train loss 0.1057
    [timing] development 2024-06-20: NN 4.1s | trees 0.0s | fold total 6.6s
  [development] origin 2024-11-29: eval 2024-11-30..2024-12-06
      epoch   1/12 | train loss 0.1958
      epoch  10/12 | train loss 0.1027
      epoch  12/12 | train loss 0.1005
    [timing] development 2024-11-29: NN 4.6s | trees 0.0s | fold total 7.5s
  [development] origin 2025-02-10: eval 2025-02-11..2025-02-17
      epoch   1/12 | train loss 0.1961
      epoch  10/12 | train loss 0.1022
      epoch  12/12 | train loss 0.1003
    [timing] development 2025-02-10: NN 5.8s | trees 0.0s | fold total 9.0s

[nn_loss] loss_logcosh: half=none, loss=logcosh, target=residual, channel_history=False, channel_aux=0.0
  [development] origin 2023-01-10: eval 2023-01-11..2023-01-17
      epoch   1/12 | train loss 0.1441
      epoch  10/12 | train loss 0.0799
      epoch  12/12 | train loss 0.0788
    [timing] development 2023-01-10: NN 2.8s | trees 0.0s | fold total 4.3s
  [development] origin 2024-06-20: eval 2024-06-21..2024-06-27
      epoch   1/12 | train loss 0.1401
      epoch  10/12 | train loss 0.0773
      epoch  12/12 | train loss 0.0762
    [timing] development 2024-06-20: NN 4.5s | trees 0.0s | fold total 7.0s
  [development] origin 2024-11-29: eval 2024-11-30..2024-12-06
      epoch   1/12 | train loss 0.1320
      epoch  10/12 | train loss 0.0740
      epoch  12/12 | train loss 0.0725
    [timing] development 2024-11-29: NN 5.7s | trees 0.0s | fold total 8.7s
  [development] origin 2025-02-10: eval 2025-02-11..2025-02-17
      epoch   1/12 | train loss 0.1320
      epoch  10/12 | train loss 0.0737
      epoch  12/12 | train loss 0.0725
    [timing] development 2025-02-10: NN 5.1s | trees 0.0s | fold total 8.2s

[nn_target] target_residual: half=none, loss=mse, target=residual, channel_history=False, channel_aux=0.0
    [reuse] statistically identical to loss_mse

[nn_target] target_log1p: half=none, loss=mse, target=log1p, channel_history=False, channel_aux=0.0
  [development] origin 2023-01-10: eval 2023-01-11..2023-01-17
      epoch   1/12 | train loss 5.3881
      epoch  10/12 | train loss 0.2848
      epoch  12/12 | train loss 0.2816
    [timing] development 2023-01-10: NN 2.3s | trees 0.0s | fold total 3.6s
  [development] origin 2024-06-20: eval 2024-06-21..2024-06-27
      epoch   1/12 | train loss 2.9673
      epoch  10/12 | train loss 0.2498
      epoch  12/12 | train loss 0.2458
    [timing] development 2024-06-20: NN 4.1s | trees 0.0s | fold total 6.5s
  [development] origin 2024-11-29: eval 2024-11-30..2024-12-06
      epoch   1/12 | train loss 2.7279
      epoch  10/12 | train loss 0.2467
      epoch  12/12 | train loss 0.2415
    [timing] development 2024-11-29: NN 4.5s | trees 0.0s | fold total 7.4s
  [development] origin 2025-02-10: eval 2025-02-11..2025-02-17
      epoch   1/12 | train loss 2.6502
      epoch  10/12 | train loss 0.2480
      epoch  12/12 | train loss 0.2445
    [timing] development 2025-02-10: NN 5.0s | trees 0.0s | fold total 8.1s

[channel_aux] channel_control: half=none, loss=mse, target=residual, channel_history=False, channel_aux=0.0
    [reuse] statistically identical to loss_mse

[channel_aux] channel_history_only: half=none, loss=mse, target=residual, channel_history=True, channel_aux=0.0
  [development] origin 2023-01-10: eval 2023-01-11..2023-01-17
      epoch   1/12 | train loss 0.3598
      epoch  10/12 | train loss 0.1789
      epoch  12/12 | train loss 0.1766
    [timing] development 2023-01-10: NN 2.1s | trees 0.0s | fold total 3.5s
  [development] origin 2024-06-20: eval 2024-06-21..2024-06-27
      epoch   1/12 | train loss 0.3528
      epoch  10/12 | train loss 0.1723
      epoch  12/12 | train loss 0.1686
    [timing] development 2024-06-20: NN 3.7s | trees 0.0s | fold total 6.3s
  [development] origin 2024-11-29: eval 2024-11-30..2024-12-06
      epoch   1/12 | train loss 0.3268
      epoch  10/12 | train loss 0.1634
      epoch  12/12 | train loss 0.1606
    [timing] development 2024-11-29: NN 4.1s | trees 0.0s | fold total 7.2s
  [development] origin 2025-02-10: eval 2025-02-11..2025-02-17
      epoch   1/12 | train loss 0.3253
      epoch  10/12 | train loss 0.1643
      epoch  12/12 | train loss 0.1601
    [timing] development 2025-02-10: NN 4.3s | trees 0.0s | fold total 7.6s

[channel_aux] channel_history_aux_0p05: half=none, loss=mse, target=residual, channel_history=True, channel_aux=0.05
  [development] origin 2023-01-10: eval 2023-01-11..2023-01-17
      epoch   1/12 | train loss 0.3908 | total 0.3594 | share 0.6274
      epoch  10/12 | train loss 0.1958 | total 0.1790 | share 0.3359
      epoch  12/12 | train loss 0.1936 | total 0.1769 | share 0.3355
    [timing] development 2023-01-10: NN 2.3s | trees 0.0s | fold total 3.7s
  [development] origin 2024-06-20: eval 2024-06-21..2024-06-27
      epoch   1/12 | train loss 0.3802 | total 0.3526 | share 0.5514
      epoch  10/12 | train loss 0.1948 | total 0.1725 | share 0.4444
      epoch  12/12 | train loss 0.1914 | total 0.1692 | share 0.4444
    [timing] development 2024-06-20: NN 4.3s | trees 0.0s | fold total 6.9s
  [development] origin 2024-11-29: eval 2024-11-30..2024-12-06
      epoch   1/12 | train loss 0.3546 | total 0.3268 | share 0.5569
      epoch  10/12 | train loss 0.1875 | total 0.1639 | share 0.4707
      epoch  12/12 | train loss 0.1844 | total 0.1609 | share 0.4706
    [timing] development 2024-11-29: NN 4.9s | trees 0.0s | fold total 7.9s
  [development] origin 2025-02-10: eval 2025-02-11..2025-02-17
      epoch   1/12 | train loss 0.3531 | total 0.3253 | share 0.5562
      epoch  10/12 | train loss 0.1887 | total 0.1647 | share 0.4801
      epoch  12/12 | train loss 0.1846 | total 0.1606 | share 0.4801
    [timing] development 2025-02-10: NN 5.1s | trees 0.0s | fold total 8.3s

[channel_aux] channel_history_aux_0p1: half=none, loss=mse, target=residual, channel_history=True, channel_aux=0.1
  [development] origin 2023-01-10: eval 2023-01-11..2023-01-17
      epoch   1/12 | train loss 0.4200 | total 0.3592 | share 0.6080
      epoch  10/12 | train loss 0.2122 | total 0.1789 | share 0.3323
      epoch  12/12 | train loss 0.2099 | total 0.1767 | share 0.3321
    [timing] development 2023-01-10: NN 2.3s | trees 0.0s | fold total 3.7s
  [development] origin 2024-06-20: eval 2024-06-21..2024-06-27
      epoch   1/12 | train loss 0.4065 | total 0.3530 | share 0.5354
      epoch  10/12 | train loss 0.2170 | total 0.1729 | share 0.4404
      epoch  12/12 | train loss 0.2135 | total 0.1695 | share 0.4403
    [timing] development 2024-06-20: NN 4.2s | trees 0.0s | fold total 6.9s
  [development] origin 2024-11-29: eval 2024-11-30..2024-12-06
      epoch   1/12 | train loss 0.3809 | total 0.3268 | share 0.5409
      epoch  10/12 | train loss 0.2107 | total 0.1640 | share 0.4667
      epoch  12/12 | train loss 0.2075 | total 0.1609 | share 0.4666
    [timing] development 2024-11-29: NN 4.9s | trees 0.0s | fold total 8.0s
  [development] origin 2025-02-10: eval 2025-02-11..2025-02-17
      epoch   1/12 | train loss 0.3795 | total 0.3253 | share 0.5416
      epoch  10/12 | train loss 0.2127 | total 0.1651 | share 0.4764
      epoch  12/12 | train loss 0.2089 | total 0.1612 | share 0.4763
    [timing] development 2025-02-10: NN 5.1s | trees 0.0s | fold total 8.4s

[channel_aux] channel_history_aux_0p2: half=none, loss=mse, target=residual, channel_history=True, channel_aux=0.2
  [development] origin 2023-01-10: eval 2023-01-11..2023-01-17
      epoch   1/12 | train loss 0.4755 | total 0.3590 | share 0.5825
      epoch  10/12 | train loss 0.2452 | total 0.1793 | share 0.3297
      epoch  12/12 | train loss 0.2431 | total 0.1772 | share 0.3295
    [timing] development 2023-01-10: NN 2.3s | trees 0.0s | fold total 3.7s
  [development] origin 2024-06-20: eval 2024-06-21..2024-06-27
      epoch   1/12 | train loss 0.4576 | total 0.3536 | share 0.5198
      epoch  10/12 | train loss 0.2610 | total 0.1736 | share 0.4372
      epoch  12/12 | train loss 0.2573 | total 0.1698 | share 0.4373
    [timing] development 2024-06-20: NN 4.2s | trees 0.0s | fold total 6.9s
  [development] origin 2024-11-29: eval 2024-11-30..2024-12-06
      epoch   1/12 | train loss 0.4325 | total 0.3270 | share 0.5275
      epoch  10/12 | train loss 0.2574 | total 0.1647 | share 0.4636
      epoch  12/12 | train loss 0.2543 | total 0.1616 | share 0.4635
    [timing] development 2024-11-29: NN 5.0s | trees 0.0s | fold total 8.0s
  [development] origin 2025-02-10: eval 2025-02-11..2025-02-17
      epoch   1/12 | train loss 0.4314 | total 0.3256 | share 0.5292
      epoch  10/12 | train loss 0.2602 | total 0.1655 | share 0.4735
      epoch  12/12 | train loss 0.2562 | total 0.1615 | share 0.4734
    [timing] development 2025-02-10: NN 5.1s | trees 0.0s | fold total 8.4s

[channel_aux] channel_history_aux_0p35: half=none, loss=mse, target=residual, channel_history=True, channel_aux=0.35
  [development] origin 2023-01-10: eval 2023-01-11..2023-01-17
      epoch   1/12 | train loss 0.5553 | total 0.3595 | share 0.5595
      epoch  10/12 | train loss 0.2948 | total 0.1800 | share 0.3279
      epoch  12/12 | train loss 0.2926 | total 0.1779 | share 0.3277
    [timing] development 2023-01-10: NN 2.4s | trees 0.0s | fold total 3.9s
  [development] origin 2024-06-20: eval 2024-06-21..2024-06-27
      epoch   1/12 | train loss 0.5325 | total 0.3542 | share 0.5096
      epoch  10/12 | train loss 0.3262 | total 0.1739 | share 0.4350
      epoch  12/12 | train loss 0.3226 | total 0.1703 | share 0.4350
    [timing] development 2024-06-20: NN 4.1s | trees 0.0s | fold total 6.7s
  [development] origin 2024-11-29: eval 2024-11-30..2024-12-06
      epoch   1/12 | train loss 0.5089 | total 0.3275 | share 0.5183
      epoch  10/12 | train loss 0.3266 | total 0.1651 | share 0.4614
      epoch  12/12 | train loss 0.3232 | total 0.1617 | share 0.4613
    [timing] development 2024-11-29: NN 4.7s | trees 0.0s | fold total 7.8s
  [development] origin 2025-02-10: eval 2025-02-11..2025-02-17
      epoch   1/12 | train loss 0.5094 | total 0.3270 | share 0.5210
      epoch  10/12 | train loss 0.3311 | total 0.1662 | share 0.4712
      epoch  12/12 | train loss 0.3272 | total 0.1624 | share 0.4710
    [timing] development 2025-02-10: NN 5.0s | trees 0.0s | fold total 8.6s

[final_sensitivity] final_half_none: half=none, loss=mse, target=residual, channel_history=False, channel_aux=0.0
    [reuse] statistically identical to loss_mse

[final_sensitivity] final_half_365p0: half=365p0, loss=mse, target=residual, channel_history=False, channel_aux=0.0
  [development] origin 2023-01-10: eval 2023-01-11..2023-01-17
      epoch   1/12 | train loss 0.3552
      epoch  10/12 | train loss 0.1730
      epoch  12/12 | train loss 0.1710
    [timing] development 2023-01-10: NN 2.2s | trees 0.0s | fold total 3.5s
  [development] origin 2024-06-20: eval 2024-06-21..2024-06-27
      epoch   1/12 | train loss 0.3683
      epoch  10/12 | train loss 0.1613
      epoch  12/12 | train loss 0.1575
    [timing] development 2024-06-20: NN 4.2s | trees 0.0s | fold total 6.7s
  [development] origin 2024-11-29: eval 2024-11-30..2024-12-06
      epoch   1/12 | train loss 0.3143
      epoch  10/12 | train loss 0.1439
      epoch  12/12 | train loss 0.1406
    [timing] development 2024-11-29: NN 5.0s | trees 0.0s | fold total 7.8s
  [development] origin 2025-02-10: eval 2025-02-11..2025-02-17
      epoch   1/12 | train loss 0.3209
      epoch  10/12 | train loss 0.1457
      epoch  12/12 | train loss 0.1420
    [timing] development 2025-02-10: NN 5.3s | trees 0.0s | fold total 8.4s

[tree_target] tree_log1p
  [development] origin 2023-01-10: eval 2023-01-11..2023-01-17
    [timing] development 2023-01-10: NN 0.0s | trees 7.5s | fold total 8.3s
  [development] origin 2024-06-20: eval 2024-06-21..2024-06-27
    [timing] development 2024-06-20: NN 0.0s | trees 9.6s | fold total 11.0s
  [development] origin 2024-11-29: eval 2024-11-30..2024-12-06
    [timing] development 2024-11-29: NN 0.0s | trees 9.7s | fold total 11.2s
  [development] origin 2025-02-10: eval 2025-02-11..2025-02-17
    [timing] development 2025-02-10: NN 0.0s | trees 9.9s | fold total 11.4s

[tree_target] tree_residual
  [development] origin 2023-01-10: eval 2023-01-11..2023-01-17
    [timing] development 2023-01-10: NN 0.0s | trees 7.2s | fold total 8.0s
  [development] origin 2024-06-20: eval 2024-06-21..2024-06-27
    [timing] development 2024-06-20: NN 0.0s | trees 9.3s | fold total 10.6s
  [development] origin 2024-11-29: eval 2024-11-30..2024-12-06
    [timing] development 2024-11-29: NN 0.0s | trees 9.8s | fold total 11.3s
  [development] origin 2025-02-10: eval 2025-02-11..2025-02-17
    [timing] development 2025-02-10: NN 0.0s | trees 10.4s | fold total 12.0s

[tree_target] tree_tweedie
  [development] origin 2023-01-10: eval 2023-01-11..2023-01-17
    [timing] development 2023-01-10: NN 0.0s | trees 7.6s | fold total 8.4s
  [development] origin 2024-06-20: eval 2024-06-21..2024-06-27
    [timing] development 2024-06-20: NN 0.0s | trees 9.7s | fold total 11.1s
  [development] origin 2024-11-29: eval 2024-11-30..2024-12-06
    [timing] development 2024-11-29: NN 0.0s | trees 9.9s | fold total 11.4s
  [development] origin 2025-02-10: eval 2025-02-11..2025-02-17
    [timing] development 2025-02-10: NN 0.0s | trees 10.2s | fold total 11.7s

C3/C4 recommendation
{
  "recency_half_life_days": null,
  "nn_loss": "mse",
  "nn_target_mode": "residual",
  "nn_combined_mse_weight": 0.25,
  "enable_channel_history_features": false,
  "channel_aux_weight": 0.0,
  "channel_share_smoothing": 0.5,
  "tree_target_mode": "log1p",
  "xgboost_target_mode": "residual",
  "lightgbm_target_mode": "log1p"
}
Saved: outputs/c34_screening/c34_screening_results.csv
Saved: outputs/c34_screening/recommendation.json

Full confirmation command:
caffeinate -i uv run python ml/pipeline.py --forecast-strategy direct --primary-strategy direct --submission-model NeuralNet --selection-metric WAPE --selection-protocol test-aligned --training-window-days all --recency-half-life-days none --baseline-variant weighted_4321 --trend-features off --c2-feature-groups price,campaign,lifecycle,market,event --c34-config outputs/c34_screening/recommendation.json --nn-batch-size 512 --nn-lr-scaling fixed --reset-checkpoints 2>&1 | tee pipeline_c34_direct_512_fixed.log

Resume command:
caffeinate -i uv run python ml/pipeline.py --forecast-strategy direct --primary-strategy direct --submission-model NeuralNet --selection-metric WAPE --selection-protocol test-aligned --training-window-days all --recency-half-life-days none --baseline-variant weighted_4321 --trend-features off --c2-feature-groups price,campaign,lifecycle,market,event --c34-config outputs/c34_screening/recommendation.json --nn-batch-size 512 --nn-lr-scaling fixed --resume 2>&1 | tee -a pipeline_c34_direct_512_fixed.log
