Device: mps
Forecast strategy: direct
Selection: test-aligned / WAPE
C1 policy: window=all, half_life=365.0, baseline=weighted_4321, trend_features=False
NN runtime: batch=512 (CLI override), lr=0.001 [fixed], backend=device_resident
Removed checkpoints: outputs/checkpoints

=== DIRECT development CV ===
  [development] origin 2022-02-01: eval 2022-02-02..2022-02-08
      epoch   1/30 | train loss 0.1768
      epoch  10/30 | train loss 0.0955
      epoch  20/30 | train loss 0.0748
      epoch  30/30 | train loss 0.0693
      epoch   1/30 | train loss 0.1794
      epoch  10/30 | train loss 0.0940
      epoch  20/30 | train loss 0.0744
      epoch  30/30 | train loss 0.0679
      epoch   1/30 | train loss 0.1749
      epoch  10/30 | train loss 0.0961
      epoch  20/30 | train loss 0.0746
      epoch  30/30 | train loss 0.0679
    [timing] development 2022-02-01: NN 39.8s | trees 6.1s | fold total 46.5s
  [development] origin 2022-06-15: eval 2022-06-16..2022-06-22
      epoch   1/30 | train loss 0.1496
      epoch  10/30 | train loss 0.0830
      epoch  20/30 | train loss 0.0666
      epoch  30/30 | train loss 0.0622
      epoch   1/30 | train loss 0.1503
      epoch  10/30 | train loss 0.0838
      epoch  20/30 | train loss 0.0670
      epoch  30/30 | train loss 0.0621
      epoch   1/30 | train loss 0.1493
      epoch  10/30 | train loss 0.0840
      epoch  20/30 | train loss 0.0668
      epoch  30/30 | train loss 0.0622
    [timing] development 2022-06-15: NN 47.8s | trees 6.5s | fold total 54.9s
  [development] origin 2022-11-20: eval 2022-11-21..2022-11-27
      epoch   1/30 | train loss 0.1322
      epoch  10/30 | train loss 0.0755
      epoch  20/30 | train loss 0.0615
      epoch  30/30 | train loss 0.0568
      epoch   1/30 | train loss 0.1329
      epoch  10/30 | train loss 0.0757
      epoch  20/30 | train loss 0.0616
      epoch  30/30 | train loss 0.0569
      epoch   1/30 | train loss 0.1316
      epoch  10/30 | train loss 0.0757
      epoch  20/30 | train loss 0.0616
      epoch  30/30 | train loss 0.0572
    [timing] development 2022-11-20: NN 64.6s | trees 7.0s | fold total 72.5s
  [development] origin 2023-01-10: eval 2023-01-11..2023-01-17
      epoch   1/30 | train loss 0.1410
      epoch  10/30 | train loss 0.0795
      epoch  20/30 | train loss 0.0644
      epoch  30/30 | train loss 0.0596
      epoch   1/30 | train loss 0.1422
      epoch  10/30 | train loss 0.0786
      epoch  20/30 | train loss 0.0643
      epoch  30/30 | train loss 0.0594
      epoch   1/30 | train loss 0.1423
      epoch  10/30 | train loss 0.0794
      epoch  20/30 | train loss 0.0646
      epoch  30/30 | train loss 0.0594
    [timing] development 2023-01-10: NN 68.1s | trees 7.1s | fold total 76.1s
  [development] origin 2023-07-01: eval 2023-07-02..2023-07-08
      epoch   1/30 | train loss 0.1422
      epoch  10/30 | train loss 0.0783
      epoch  20/30 | train loss 0.0640
      epoch  30/30 | train loss 0.0594
      epoch   1/30 | train loss 0.1429
      epoch  10/30 | train loss 0.0782
      epoch  20/30 | train loss 0.0635
      epoch  30/30 | train loss 0.0587
      epoch   1/30 | train loss 0.1415
      epoch  10/30 | train loss 0.0774
      epoch  20/30 | train loss 0.0628
      epoch  30/30 | train loss 0.0577
    [timing] development 2023-07-01: NN 88.9s | trees 7.8s | fold total 97.8s
  [development] origin 2023-11-24: eval 2023-11-25..2023-12-01
      epoch   1/30 | train loss 0.1421
      epoch  10/30 | train loss 0.0771
      epoch  20/30 | train loss 0.0625
      epoch  30/30 | train loss 0.0575
      epoch   1/30 | train loss 0.1442
      epoch  10/30 | train loss 0.0772
      epoch  20/30 | train loss 0.0627
      epoch  30/30 | train loss 0.0579
      epoch   1/30 | train loss 0.1440
      epoch  10/30 | train loss 0.0768
      epoch  20/30 | train loss 0.0626
      epoch  30/30 | train loss 0.0580
    [timing] development 2023-11-24: NN 107.4s | trees 8.3s | fold total 117.0s
  [development] origin 2023-12-18: eval 2023-12-19..2023-12-25
      epoch   1/30 | train loss 0.1418
      epoch  10/30 | train loss 0.0759
      epoch  20/30 | train loss 0.0615
      epoch  30/30 | train loss 0.0567
      epoch   1/30 | train loss 0.1441
      epoch  10/30 | train loss 0.0765
      epoch  20/30 | train loss 0.0615
      epoch  30/30 | train loss 0.0572
      epoch   1/30 | train loss 0.1421
      epoch  10/30 | train loss 0.0758
      epoch  20/30 | train loss 0.0611
      epoch  30/30 | train loss 0.0564
    [timing] development 2023-12-18: NN 112.3s | trees 8.4s | fold total 122.1s
  [development] origin 2024-02-14: eval 2024-02-15..2024-02-21
      epoch   1/30 | train loss 0.1421
      epoch  10/30 | train loss 0.0769
      epoch  20/30 | train loss 0.0618
      epoch  30/30 | train loss 0.0575
      epoch   1/30 | train loss 0.1449
      epoch  10/30 | train loss 0.0766
      epoch  20/30 | train loss 0.0620
      epoch  30/30 | train loss 0.0575
      epoch   1/30 | train loss 0.1431
      epoch  10/30 | train loss 0.0761
      epoch  20/30 | train loss 0.0617
      epoch  30/30 | train loss 0.0574
    [timing] development 2024-02-14: NN 120.2s | trees 8.6s | fold total 130.3s
  [development] origin 2024-06-20: eval 2024-06-21..2024-06-27
      epoch   1/30 | train loss 0.1427
      epoch  10/30 | train loss 0.0753
      epoch  20/30 | train loss 0.0610
      epoch  30/30 | train loss 0.0568
      epoch   1/30 | train loss 0.1437
      epoch  10/30 | train loss 0.0765
      epoch  20/30 | train loss 0.0619
      epoch  30/30 | train loss 0.0570
      epoch   1/30 | train loss 0.1425
      epoch  10/30 | train loss 0.0752
      epoch  20/30 | train loss 0.0609
      epoch  30/30 | train loss 0.0563
    [timing] development 2024-06-20: NN 134.2s | trees 8.9s | fold total 144.7s
  [development] origin 2024-11-29: eval 2024-11-30..2024-12-06
      epoch   1/30 | train loss 0.1268
      epoch  10/30 | train loss 0.0677
      epoch  20/30 | train loss 0.0551
      epoch  30/30 | train loss 0.0517
      epoch   1/30 | train loss 0.1280
      epoch  10/30 | train loss 0.0678
      epoch  20/30 | train loss 0.0556
      epoch  30/30 | train loss 0.0521
      epoch   1/30 | train loss 0.1266
      epoch  10/30 | train loss 0.0677
      epoch  20/30 | train loss 0.0556
      epoch  30/30 | train loss 0.0519
    [timing] development 2024-11-29: NN 153.3s | trees 9.4s | fold total 164.7s
  [development] origin 2024-12-20: eval 2024-12-21..2024-12-27
      epoch   1/30 | train loss 0.1256
      epoch  10/30 | train loss 0.0682
      epoch  20/30 | train loss 0.0559
      epoch  30/30 | train loss 0.0525
      epoch   1/30 | train loss 0.1270
      epoch  10/30 | train loss 0.0693
      epoch  20/30 | train loss 0.0561
      epoch  30/30 | train loss 0.0525
      epoch   1/30 | train loss 0.1263
      epoch  10/30 | train loss 0.0688
      epoch  20/30 | train loss 0.0566
      epoch  30/30 | train loss 0.0525
    [timing] development 2024-12-20: NN 157.4s | trees 16.7s | fold total 176.0s
  [development] origin 2025-02-10: eval 2025-02-11..2025-02-17
      epoch   1/30 | train loss 0.1297
      epoch  10/30 | train loss 0.0694
      epoch  20/30 | train loss 0.0562
      epoch  30/30 | train loss 0.0523
      epoch   1/30 | train loss 0.1310
      epoch  10/30 | train loss 0.0693
      epoch  20/30 | train loss 0.0567
      epoch  30/30 | train loss 0.0529
      epoch   1/30 | train loss 0.1300
      epoch  10/30 | train loss 0.0693
      epoch  20/30 | train loss 0.0564
      epoch  30/30 | train loss 0.0525
    [timing] development 2025-02-10: NN 163.7s | trees 9.9s | fold total 175.6s

=== DIRECT recent-benchmark CV ===
  [recent_benchmark] origin 2026-01-04: eval 2026-01-05..2026-01-11
      epoch   1/30 | train loss 0.1127
      epoch  10/30 | train loss 0.0637
      epoch  20/30 | train loss 0.0533
      epoch  30/30 | train loss 0.0502
      epoch   1/30 | train loss 0.1135
      epoch  10/30 | train loss 0.0635
      epoch  20/30 | train loss 0.0531
      epoch  30/30 | train loss 0.0499
      epoch   1/30 | train loss 0.1129
      epoch  10/30 | train loss 0.0634
      epoch  20/30 | train loss 0.0535
      epoch  30/30 | train loss 0.0500
    [timing] recent_benchmark 2026-01-04: NN 201.1s | trees 11.5s | fold total 215.1s
  [recent_benchmark] origin 2025-12-28: eval 2025-12-29..2026-01-04
      epoch   1/30 | train loss 0.1115
      epoch  10/30 | train loss 0.0630
      epoch  20/30 | train loss 0.0526
      epoch  30/30 | train loss 0.0495
      epoch   1/30 | train loss 0.1126
      epoch  10/30 | train loss 0.0627
      epoch  20/30 | train loss 0.0525
      epoch  30/30 | train loss 0.0495
      epoch   1/30 | train loss 0.1125
      epoch  10/30 | train loss 0.0625
      epoch  20/30 | train loss 0.0524
      epoch  30/30 | train loss 0.0493
    [timing] recent_benchmark 2025-12-28: NN 196.4s | trees 11.4s | fold total 210.3s
  [recent_benchmark] origin 2025-12-21: eval 2025-12-22..2025-12-28
      epoch   1/30 | train loss 0.1079
      epoch  10/30 | train loss 0.0624
      epoch  20/30 | train loss 0.0527
      epoch  30/30 | train loss 0.0494
      epoch   1/30 | train loss 0.1099
      epoch  10/30 | train loss 0.0621
      epoch  20/30 | train loss 0.0524
      epoch  30/30 | train loss 0.0495
      epoch   1/30 | train loss 0.1089
      epoch  10/30 | train loss 0.0620
      epoch  20/30 | train loss 0.0523
      epoch  30/30 | train loss 0.0492
    [timing] recent_benchmark 2025-12-21: NN 199.3s | trees 11.4s | fold total 213.2s
  [recent_benchmark] origin 2025-12-14: eval 2025-12-15..2025-12-21
      epoch   1/30 | train loss 0.1084
      epoch  10/30 | train loss 0.0618
      epoch  20/30 | train loss 0.0516
      epoch  30/30 | train loss 0.0487
      epoch   1/30 | train loss 0.1101
      epoch  10/30 | train loss 0.0622
      epoch  20/30 | train loss 0.0521
      epoch  30/30 | train loss 0.0490
      epoch   1/30 | train loss 0.1084
      epoch  10/30 | train loss 0.0616
      epoch  20/30 | train loss 0.0518
      epoch  30/30 | train loss 0.0488
    [timing] recent_benchmark 2025-12-14: NN 195.3s | trees 11.1s | fold total 208.9s

Canonical selection: NeuralNet / direct

=== Final direct forecasts ===
    seed 42
      epoch   1/60 | train loss 0.1131
      epoch  10/60 | train loss 0.0640
      epoch  20/60 | train loss 0.0541
      epoch  30/60 | train loss 0.0491
      epoch  40/60 | train loss 0.0460
      epoch  50/60 | train loss 0.0447
      epoch  60/60 | train loss 0.0436
      [timing] seed 42: 132.1s
    seed 123
      epoch   1/60 | train loss 0.1139
      epoch  10/60 | train loss 0.0643
      epoch  20/60 | train loss 0.0541
      epoch  30/60 | train loss 0.0493
      epoch  40/60 | train loss 0.0460
      epoch  50/60 | train loss 0.0444
      epoch  60/60 | train loss 0.0437
      [timing] seed 123: 133.8s
    seed 777
      epoch   1/60 | train loss 0.1131
      epoch  10/60 | train loss 0.0638
      epoch  20/60 | train loss 0.0543
      epoch  30/60 | train loss 0.0493
      epoch  40/60 | train loss 0.0460
      epoch  50/60 | train loss 0.0444
      epoch  60/60 | train loss 0.0436
      [timing] seed 777: 136.1s
Traceback (most recent call last):
  File "/Users/A94001132/PycharmProjects/vonava_predikce/ml/pipeline.py", line 2200, in <module>
    main()
    ~~~~^^
  File "/Users/A94001132/PycharmProjects/vonava_predikce/ml/pipeline.py", line 2175, in main
    export_results_json(
    ~~~~~~~~~~~~~~~~~~~^
        train_raw, test_raw, submission, final_by_strategy[canonical_strategy], cv_results, cfg,
        ^^^^^^^^^^^^^^^^^^^^^^^^^^^^^^^^^^^^^^^^^^^^^^^^^^^^^^^^^^^^^^^^^^^^^^^^^^^^^^^^^^^^^^^^
    ...<8 lines>...
        prediction_diagnostics_by_origin=prediction_diagnostics_by_origin,
        ^^^^^^^^^^^^^^^^^^^^^^^^^^^^^^^^^^^^^^^^^^^^^^^^^^^^^^^^^^^^^^^^^^
    )
    ^
  File "/Users/A94001132/PycharmProjects/vonava_predikce/ml/pipeline.py", line 1866, in export_results_json
    json.dump(payload, f, indent=2)
    ~~~~~~~~~^^^^^^^^^^^^^^^^^^^^^^
  File "/Users/A94001132/.local/share/uv/python/cpython-3.14.2-macos-aarch64-none/lib/python3.14/json/__init__.py", line 181, in dump
    for chunk in iterable:
                 ^^^^^^^^
  File "/Users/A94001132/.local/share/uv/python/cpython-3.14.2-macos-aarch64-none/lib/python3.14/json/encoder.py", line 444, in _iterencode
    yield from _iterencode_dict(o, _current_indent_level)
  File "/Users/A94001132/.local/share/uv/python/cpython-3.14.2-macos-aarch64-none/lib/python3.14/json/encoder.py", line 413, in _iterencode_dict
    yield from chunks
  File "/Users/A94001132/.local/share/uv/python/cpython-3.14.2-macos-aarch64-none/lib/python3.14/json/encoder.py", line 326, in _iterencode_list
    yield from chunks
  File "/Users/A94001132/.local/share/uv/python/cpython-3.14.2-macos-aarch64-none/lib/python3.14/json/encoder.py", line 413, in _iterencode_dict
    yield from chunks
  File "/Users/A94001132/.local/share/uv/python/cpython-3.14.2-macos-aarch64-none/lib/python3.14/json/encoder.py", line 451, in _iterencode
    newobj = _default(o)
  File "/Users/A94001132/.local/share/uv/python/cpython-3.14.2-macos-aarch64-none/lib/python3.14/json/encoder.py", line 182, in default
    raise TypeError(f'Object of type {o.__class__.__name__} '
                    f'is not JSON serializable')
TypeError: Object of type Timestamp is not JSON serializable
when serializing dict item 'origin'
when serializing list item 0
when serializing dict item 'prediction_diagnostics_by_origin'
