Device: mps
Forecast strategy: both
Selection: global / WAPE
NN runtime: batch=512 (CLI override), lr=0.001 [fixed], backend=device_resident
CV resume enabled: outputs/checkpoints

=== DIRECT development CV ===
  [development] origin 2022-02-01: eval 2022-02-02..2022-02-08
      epoch   1/30 | train loss 0.1775
      epoch  10/30 | train loss 0.0973
      epoch  20/30 | train loss 0.0771
      epoch  30/30 | train loss 0.0719
      epoch   1/30 | train loss 0.1793
      epoch  10/30 | train loss 0.0961
      epoch  20/30 | train loss 0.0766
      epoch  30/30 | train loss 0.0700
      epoch   1/30 | train loss 0.1754
      epoch  10/30 | train loss 0.0974
      epoch  20/30 | train loss 0.0765
      epoch  30/30 | train loss 0.0702
    [timing] development 2022-02-01: NN 36.4s | trees 6.7s | fold total 43.7s
  [development] origin 2022-06-15: eval 2022-06-16..2022-06-22
      epoch   1/30 | train loss 0.1564
      epoch  10/30 | train loss 0.0872
      epoch  20/30 | train loss 0.0702
      epoch  30/30 | train loss 0.0656
      epoch   1/30 | train loss 0.1571
      epoch  10/30 | train loss 0.0876
      epoch  20/30 | train loss 0.0703
      epoch  30/30 | train loss 0.0651
      epoch   1/30 | train loss 0.1565
      epoch  10/30 | train loss 0.0888
      epoch  20/30 | train loss 0.0705
      epoch  30/30 | train loss 0.0655
    [timing] development 2022-06-15: NN 43.6s | trees 6.5s | fold total 50.9s
  [development] origin 2022-11-20: eval 2022-11-21..2022-11-27
      epoch   1/30 | train loss 0.1434
      epoch  10/30 | train loss 0.0818
      epoch  20/30 | train loss 0.0665
      epoch  30/30 | train loss 0.0622
      epoch   1/30 | train loss 0.1429
      epoch  10/30 | train loss 0.0817
      epoch  20/30 | train loss 0.0670
      epoch  30/30 | train loss 0.0618
      epoch   1/30 | train loss 0.1424
      epoch  10/30 | train loss 0.0824
      epoch  20/30 | train loss 0.0671
      epoch  30/30 | train loss 0.0622
    [timing] development 2022-11-20: NN 58.3s | trees 7.0s | fold total 66.2s
  [development] origin 2023-01-10: eval 2023-01-11..2023-01-17
      epoch   1/30 | train loss 0.1480
      epoch  10/30 | train loss 0.0843
      epoch  20/30 | train loss 0.0685
      epoch  30/30 | train loss 0.0638
      epoch   1/30 | train loss 0.1481
      epoch  10/30 | train loss 0.0834
      epoch  20/30 | train loss 0.0682
      epoch  30/30 | train loss 0.0631
      epoch   1/30 | train loss 0.1485
      epoch  10/30 | train loss 0.0846
      epoch  20/30 | train loss 0.0686
      epoch  30/30 | train loss 0.0635
    [timing] development 2023-01-10: NN 63.4s | trees 7.1s | fold total 71.5s
  [development] origin 2023-07-01: eval 2023-07-02..2023-07-08
      epoch   1/30 | train loss 0.1474
      epoch  10/30 | train loss 0.0834
      epoch  20/30 | train loss 0.0682
      epoch  30/30 | train loss 0.0640
      epoch   1/30 | train loss 0.1482
      epoch  10/30 | train loss 0.0836
      epoch  20/30 | train loss 0.0683
      epoch  30/30 | train loss 0.0635
      epoch   1/30 | train loss 0.1464
      epoch  10/30 | train loss 0.0837
      epoch  20/30 | train loss 0.0686
      epoch  30/30 | train loss 0.0639
    [timing] development 2023-07-01: NN 80.2s | trees 7.8s | fold total 89.2s
  [development] origin 2023-11-24: eval 2023-11-25..2023-12-01
      epoch   1/30 | train loss 0.1461
      epoch  10/30 | train loss 0.0837
      epoch  20/30 | train loss 0.0683
      epoch  30/30 | train loss 0.0639
      epoch   1/30 | train loss 0.1484
      epoch  10/30 | train loss 0.0834
      epoch  20/30 | train loss 0.0687
      epoch  30/30 | train loss 0.0641
      epoch   1/30 | train loss 0.1475
      epoch  10/30 | train loss 0.0839
      epoch  20/30 | train loss 0.0688
      epoch  30/30 | train loss 0.0643
    [timing] development 2023-11-24: NN 95.1s | trees 8.4s | fold total 104.9s
  [development] origin 2023-12-18: eval 2023-12-19..2023-12-25
      epoch   1/30 | train loss 0.1466
      epoch  10/30 | train loss 0.0832
      epoch  20/30 | train loss 0.0688
      epoch  30/30 | train loss 0.0642
      epoch   1/30 | train loss 0.1486
      epoch  10/30 | train loss 0.0836
      epoch  20/30 | train loss 0.0687
      epoch  30/30 | train loss 0.0643
      epoch   1/30 | train loss 0.1471
      epoch  10/30 | train loss 0.0828
      epoch  20/30 | train loss 0.0681
      epoch  30/30 | train loss 0.0633
    [timing] development 2023-12-18: NN 100.5s | trees 8.4s | fold total 110.4s
  [development] origin 2024-02-14: eval 2024-02-15..2024-02-21
      epoch   1/30 | train loss 0.1462
      epoch  10/30 | train loss 0.0842
      epoch  20/30 | train loss 0.0694
      epoch  30/30 | train loss 0.0648
      epoch   1/30 | train loss 0.1487
      epoch  10/30 | train loss 0.0848
      epoch  20/30 | train loss 0.0700
      epoch  30/30 | train loss 0.0651
      epoch   1/30 | train loss 0.1464
      epoch  10/30 | train loss 0.0838
      epoch  20/30 | train loss 0.0690
      epoch  30/30 | train loss 0.0644
    [timing] development 2024-02-14: NN 111.3s | trees 8.8s | fold total 121.7s
  [development] origin 2024-06-20: eval 2024-06-21..2024-06-27
      epoch   1/30 | train loss 0.1466
      epoch  10/30 | train loss 0.0838
      epoch  20/30 | train loss 0.0690
      epoch  30/30 | train loss 0.0646
      epoch   1/30 | train loss 0.1480
      epoch  10/30 | train loss 0.0841
      epoch  20/30 | train loss 0.0694
      epoch  30/30 | train loss 0.0649
      epoch   1/30 | train loss 0.1464
      epoch  10/30 | train loss 0.0835
      epoch  20/30 | train loss 0.0691
      epoch  30/30 | train loss 0.0650
    [timing] development 2024-06-20: NN 120.9s | trees 9.2s | fold total 131.8s
  [development] origin 2024-11-29: eval 2024-11-30..2024-12-06
      epoch   1/30 | train loss 0.1394
      epoch  10/30 | train loss 0.0797
      epoch  20/30 | train loss 0.0665
      epoch  30/30 | train loss 0.0628
      epoch   1/30 | train loss 0.1410
      epoch  10/30 | train loss 0.0797
      epoch  20/30 | train loss 0.0666
      epoch  30/30 | train loss 0.0628
      epoch   1/30 | train loss 0.1395
      epoch  10/30 | train loss 0.0794
      epoch  20/30 | train loss 0.0665
      epoch  30/30 | train loss 0.0628
    [timing] development 2024-11-29: NN 138.2s | trees 9.6s | fold total 149.8s
  [development] origin 2024-12-20: eval 2024-12-21..2024-12-27
      epoch   1/30 | train loss 0.1384
      epoch  10/30 | train loss 0.0807
      epoch  20/30 | train loss 0.0674
      epoch  30/30 | train loss 0.0634
      epoch   1/30 | train loss 0.1399
      epoch  10/30 | train loss 0.0814
      epoch  20/30 | train loss 0.0677
      epoch  30/30 | train loss 0.0636
      epoch   1/30 | train loss 0.1389
      epoch  10/30 | train loss 0.0813
      epoch  20/30 | train loss 0.0682
      epoch  30/30 | train loss 0.0639
    [timing] development 2024-12-20: NN 138.1s | trees 10.0s | fold total 150.2s
  [development] origin 2025-02-10: eval 2025-02-11..2025-02-17
      epoch   1/30 | train loss 0.1393
      epoch  10/30 | train loss 0.0807
      epoch  20/30 | train loss 0.0676
      epoch  30/30 | train loss 0.0638
      epoch   1/30 | train loss 0.1414
      epoch  10/30 | train loss 0.0810
      epoch  20/30 | train loss 0.0674
      epoch  30/30 | train loss 0.0635
      epoch   1/30 | train loss 0.1398
      epoch  10/30 | train loss 0.0809
      epoch  20/30 | train loss 0.0675
      epoch  30/30 | train loss 0.0636
    [timing] development 2025-02-10: NN 146.7s | trees 10.0s | fold total 158.8s

=== DIRECT recent-benchmark CV ===
  [recent_benchmark] origin 2026-01-04: eval 2026-01-05..2026-01-11
      epoch   1/30 | train loss 0.1297
      epoch  10/30 | train loss 0.0772
      epoch  20/30 | train loss 0.0656
      epoch  30/30 | train loss 0.0624
      epoch   1/30 | train loss 0.1315
      epoch  10/30 | train loss 0.0776
      epoch  20/30 | train loss 0.0662
      epoch  30/30 | train loss 0.0626
      epoch   1/30 | train loss 0.1303
      epoch  10/30 | train loss 0.0770
      epoch  20/30 | train loss 0.0655
      epoch  30/30 | train loss 0.0619
    [timing] recent_benchmark 2026-01-04: NN 187.8s | trees 11.2s | fold total 201.6s
  [recent_benchmark] origin 2025-12-28: eval 2025-12-29..2026-01-04
      epoch   1/30 | train loss 0.1297
      epoch  10/30 | train loss 0.0773
      epoch  20/30 | train loss 0.0655
      epoch  30/30 | train loss 0.0619
      epoch   1/30 | train loss 0.1314
      epoch  10/30 | train loss 0.0774
      epoch  20/30 | train loss 0.0657
      epoch  30/30 | train loss 0.0622
      epoch   1/30 | train loss 0.1309
      epoch  10/30 | train loss 0.0771
      epoch  20/30 | train loss 0.0657
      epoch  30/30 | train loss 0.0624
    [timing] recent_benchmark 2025-12-28: NN 178.7s | trees 11.2s | fold total 192.5s
  [recent_benchmark] origin 2025-12-21: eval 2025-12-22..2025-12-28
      epoch   1/30 | train loss 0.1285
      epoch  10/30 | train loss 0.0776
      epoch  20/30 | train loss 0.0663
      epoch  30/30 | train loss 0.0626
      epoch   1/30 | train loss 0.1307
      epoch  10/30 | train loss 0.0780
      epoch  20/30 | train loss 0.0660
      epoch  30/30 | train loss 0.0625
      epoch   1/30 | train loss 0.1291
      epoch  10/30 | train loss 0.0765
      epoch  20/30 | train loss 0.0654
      epoch  30/30 | train loss 0.0617
    [timing] recent_benchmark 2025-12-21: NN 180.2s | trees 11.0s | fold total 193.8s
  [recent_benchmark] origin 2025-12-14: eval 2025-12-15..2025-12-21
      epoch   1/30 | train loss 0.1289
      epoch  10/30 | train loss 0.0766
      epoch  20/30 | train loss 0.0654
      epoch  30/30 | train loss 0.0619
      epoch   1/30 | train loss 0.1305
      epoch  10/30 | train loss 0.0771
      epoch  20/30 | train loss 0.0655
      epoch  30/30 | train loss 0.0619
      epoch   1/30 | train loss 0.1292
      epoch  10/30 | train loss 0.0769
      epoch  20/30 | train loss 0.0650
      epoch  30/30 | train loss 0.0619
    [timing] recent_benchmark 2025-12-14: NN 181.3s | trees 11.0s | fold total 194.8s

=== RECURSIVE development CV ===
  [development/recursive] origin 2022-02-01: eval 2022-02-02..2022-02-08
      epoch   1/30 | train loss 0.2073
      epoch  10/30 | train loss 0.1135
      epoch  20/30 | train loss 0.0999
      epoch  30/30 | train loss 0.0957
      epoch   1/30 | train loss 0.2085
      epoch  10/30 | train loss 0.1141
      epoch  20/30 | train loss 0.1020
      epoch  30/30 | train loss 0.0975
      epoch   1/30 | train loss 0.2055
      epoch  10/30 | train loss 0.1130
      epoch  20/30 | train loss 0.1006
      epoch  30/30 | train loss 0.0958
    [timing] development/recursive 2022-02-01: NN 14.1s | structured 9.6s | fold total 24.0s
  [development/recursive] origin 2022-06-15: eval 2022-06-16..2022-06-22
      epoch   1/30 | train loss 0.1869
      epoch  10/30 | train loss 0.1033
      epoch  20/30 | train loss 0.0938
      epoch  30/30 | train loss 0.0886
      epoch   1/30 | train loss 0.1799
      epoch  10/30 | train loss 0.1043
      epoch  20/30 | train loss 0.0937
      epoch  30/30 | train loss 0.0914
      epoch   1/30 | train loss 0.1806
      epoch  10/30 | train loss 0.1043
      epoch  20/30 | train loss 0.0932
      epoch  30/30 | train loss 0.0903
    [timing] development/recursive 2022-06-15: NN 17.8s | structured 10.7s | fold total 28.9s
  [development/recursive] origin 2022-11-20: eval 2022-11-21..2022-11-27
      epoch   1/30 | train loss 0.1629
      epoch  10/30 | train loss 0.0996
      epoch  20/30 | train loss 0.0900
      epoch  30/30 | train loss 0.0880
      epoch   1/30 | train loss 0.1636
      epoch  10/30 | train loss 0.1017
      epoch  20/30 | train loss 0.0914
      epoch  30/30 | train loss 0.0886
      epoch   1/30 | train loss 0.1621
      epoch  10/30 | train loss 0.0998
      epoch  20/30 | train loss 0.0909
      epoch  30/30 | train loss 0.0877
    [timing] development/recursive 2022-11-20: NN 22.1s | structured 12.0s | fold total 34.6s
  [development/recursive] origin 2023-01-10: eval 2023-01-11..2023-01-17
      epoch   1/30 | train loss 0.1751
      epoch  10/30 | train loss 0.0977
      epoch  20/30 | train loss 0.0883
      epoch  30/30 | train loss 0.0856
      epoch   1/30 | train loss 0.1697
      epoch  10/30 | train loss 0.0980
      epoch  20/30 | train loss 0.0893
      epoch  30/30 | train loss 0.0849
      epoch   1/30 | train loss 0.1678
      epoch  10/30 | train loss 0.0979
      epoch  20/30 | train loss 0.0885
      epoch  30/30 | train loss 0.0846
    [timing] development/recursive 2023-01-10: NN 23.6s | structured 12.4s | fold total 36.5s
  [development/recursive] origin 2023-07-01: eval 2023-07-02..2023-07-08
      epoch   1/30 | train loss 0.1651
      epoch  10/30 | train loss 0.0962
      epoch  20/30 | train loss 0.0855
      epoch  30/30 | train loss 0.0827
      epoch   1/30 | train loss 0.1638
      epoch  10/30 | train loss 0.0985
      epoch  20/30 | train loss 0.0877
      epoch  30/30 | train loss 0.0836
      epoch   1/30 | train loss 0.1639
      epoch  10/30 | train loss 0.0971
      epoch  20/30 | train loss 0.0865
      epoch  30/30 | train loss 0.0820
    [timing] development/recursive 2023-07-01: NN 30.4s | structured 14.0s | fold total 45.0s
  [development/recursive] origin 2023-11-24: eval 2023-11-25..2023-12-01
      epoch   1/30 | train loss 0.1591
      epoch  10/30 | train loss 0.0948
      epoch  20/30 | train loss 0.0883
      epoch  30/30 | train loss 0.0850
      epoch   1/30 | train loss 0.1593
      epoch  10/30 | train loss 0.0980
      epoch  20/30 | train loss 0.0888
      epoch  30/30 | train loss 0.0861
      epoch   1/30 | train loss 0.1601
      epoch  10/30 | train loss 0.0981
      epoch  20/30 | train loss 0.0886
      epoch  30/30 | train loss 0.0858
    [timing] development/recursive 2023-11-24: NN 35.7s | structured 15.3s | fold total 51.7s
  [development/recursive] origin 2023-12-18: eval 2023-12-19..2023-12-25
      epoch   1/30 | train loss 0.1611
      epoch  10/30 | train loss 0.0948
      epoch  20/30 | train loss 0.0837
      epoch  30/30 | train loss 0.0812
      epoch   1/30 | train loss 0.1580
      epoch  10/30 | train loss 0.0959
      epoch  20/30 | train loss 0.0850
      epoch  30/30 | train loss 0.0821
      epoch   1/30 | train loss 0.1586
      epoch  10/30 | train loss 0.0944
      epoch  20/30 | train loss 0.0853
      epoch  30/30 | train loss 0.0814
    [timing] development/recursive 2023-12-18: NN 35.0s | structured 15.6s | fold total 51.3s
  [development/recursive] origin 2024-02-14: eval 2024-02-15..2024-02-21
      epoch   1/30 | train loss 0.1592
      epoch  10/30 | train loss 0.0942
      epoch  20/30 | train loss 0.0834
      epoch  30/30 | train loss 0.0806
      epoch   1/30 | train loss 0.1593
      epoch  10/30 | train loss 0.0947
      epoch  20/30 | train loss 0.0847
      epoch  30/30 | train loss 0.0822
      epoch   1/30 | train loss 0.1585
      epoch  10/30 | train loss 0.0932
      epoch  20/30 | train loss 0.0845
      epoch  30/30 | train loss 0.0809
    [timing] development/recursive 2024-02-14: NN 37.3s | structured 15.9s | fold total 54.0s
  [development/recursive] origin 2024-06-20: eval 2024-06-21..2024-06-27
      epoch   1/30 | train loss 0.1567
      epoch  10/30 | train loss 0.0933
      epoch  20/30 | train loss 0.0836
      epoch  30/30 | train loss 0.0806
      epoch   1/30 | train loss 0.1572
      epoch  10/30 | train loss 0.0942
      epoch  20/30 | train loss 0.0852
      epoch  30/30 | train loss 0.0815
      epoch   1/30 | train loss 0.1563
      epoch  10/30 | train loss 0.0934
      epoch  20/30 | train loss 0.0843
      epoch  30/30 | train loss 0.0803
    [timing] development/recursive 2024-06-20: NN 41.4s | structured 17.4s | fold total 59.6s
  [development/recursive] origin 2024-11-29: eval 2024-11-30..2024-12-06
      epoch   1/30 | train loss 0.1490
      epoch  10/30 | train loss 0.0879
      epoch  20/30 | train loss 0.0790
      epoch  30/30 | train loss 0.0764
      epoch   1/30 | train loss 0.1485
      epoch  10/30 | train loss 0.0902
      epoch  20/30 | train loss 0.0816
      epoch  30/30 | train loss 0.0775
      epoch   1/30 | train loss 0.1484
      epoch  10/30 | train loss 0.0889
      epoch  20/30 | train loss 0.0798
      epoch  30/30 | train loss 0.0767
    [timing] development/recursive 2024-11-29: NN 47.5s | structured 18.4s | fold total 66.9s
  [development/recursive] origin 2024-12-20: eval 2024-12-21..2024-12-27
      epoch   1/30 | train loss 0.1478
      epoch  10/30 | train loss 0.0878
      epoch  20/30 | train loss 0.0800
      epoch  30/30 | train loss 0.0756
      epoch   1/30 | train loss 0.1466
      epoch  10/30 | train loss 0.0901
      epoch  20/30 | train loss 0.0811
      epoch  30/30 | train loss 0.0774
      epoch   1/30 | train loss 0.1474
      epoch  10/30 | train loss 0.0890
      epoch  20/30 | train loss 0.0795
      epoch  30/30 | train loss 0.0764
    [timing] development/recursive 2024-12-20: NN 46.6s | structured 18.8s | fold total 66.4s
  [development/recursive] origin 2025-02-10: eval 2025-02-11..2025-02-17
      epoch   1/30 | train loss 0.1487
      epoch  10/30 | train loss 0.0891
      epoch  20/30 | train loss 0.0791
      epoch  30/30 | train loss 0.0770
      epoch   1/30 | train loss 0.1473
      epoch  10/30 | train loss 0.0906
      epoch  20/30 | train loss 0.0814
      epoch  30/30 | train loss 0.0778
      epoch   1/30 | train loss 0.1473
      epoch  10/30 | train loss 0.0894
      epoch  20/30 | train loss 0.0800
      epoch  30/30 | train loss 0.0769
    [timing] development/recursive 2025-02-10: NN 48.0s | structured 19.1s | fold total 68.0s

=== RECURSIVE recent-benchmark CV ===
  [recent_benchmark/recursive] origin 2026-01-04: eval 2026-01-05..2026-01-11
      epoch   1/30 | train loss 0.1381
      epoch  10/30 | train loss 0.0855
      epoch  20/30 | train loss 0.0772
      epoch  30/30 | train loss 0.0739
      epoch   1/30 | train loss 0.1380
      epoch  10/30 | train loss 0.0864
      epoch  20/30 | train loss 0.0775
      epoch  30/30 | train loss 0.0743
      epoch   1/30 | train loss 0.1369
      epoch  10/30 | train loss 0.0852
      epoch  20/30 | train loss 0.0771
      epoch  30/30 | train loss 0.0733
    [timing] recent_benchmark/recursive 2026-01-04: NN 59.0s | structured 22.6s | fold total 82.8s
  [recent_benchmark/recursive] origin 2025-12-28: eval 2025-12-29..2026-01-04
      epoch   1/30 | train loss 0.1381
      epoch  10/30 | train loss 0.0851
      epoch  20/30 | train loss 0.0768
      epoch  30/30 | train loss 0.0730
      epoch   1/30 | train loss 0.1385
      epoch  10/30 | train loss 0.0847
      epoch  20/30 | train loss 0.0767
      epoch  30/30 | train loss 0.0736
      epoch   1/30 | train loss 0.1363
      epoch  10/30 | train loss 0.0844
      epoch  20/30 | train loss 0.0760
      epoch  30/30 | train loss 0.0726
    [timing] recent_benchmark/recursive 2025-12-28: NN 58.7s | structured 26.8s | fold total 86.6s
  [recent_benchmark/recursive] origin 2025-12-21: eval 2025-12-22..2025-12-28
      epoch   1/30 | train loss 0.1370
      epoch  10/30 | train loss 0.0846
      epoch  20/30 | train loss 0.0763
      epoch  30/30 | train loss 0.0725
      epoch   1/30 | train loss 0.1377
      epoch  10/30 | train loss 0.0845
      epoch  20/30 | train loss 0.0764
      epoch  30/30 | train loss 0.0733
      epoch   1/30 | train loss 0.1357
      epoch  10/30 | train loss 0.0845
      epoch  20/30 | train loss 0.0756
      epoch  30/30 | train loss 0.0726
    [timing] recent_benchmark/recursive 2025-12-21: NN 62.9s | structured 22.6s | fold total 86.7s
  [recent_benchmark/recursive] origin 2025-12-14: eval 2025-12-15..2025-12-21
      epoch   1/30 | train loss 0.1370
      epoch  10/30 | train loss 0.0836
      epoch  20/30 | train loss 0.0756
      epoch  30/30 | train loss 0.0726
      epoch   1/30 | train loss 0.1370
      epoch  10/30 | train loss 0.0845
      epoch  20/30 | train loss 0.0769
      epoch  30/30 | train loss 0.0736
      epoch   1/30 | train loss 0.1367
      epoch  10/30 | train loss 0.0839
      epoch  20/30 | train loss 0.0755
      epoch  30/30 | train loss 0.0721
    [timing] recent_benchmark/recursive 2025-12-14: NN 60.5s | structured 21.9s | fold total 83.6s

Canonical selection: NeuralNet / direct

=== Final direct forecasts ===
    seed 42
      epoch   1/60 | train loss 0.1301
      epoch  10/60 | train loss 0.0777
      epoch  20/60 | train loss 0.0668
      epoch  30/60 | train loss 0.0614
      epoch  40/60 | train loss 0.0583
      epoch  50/60 | train loss 0.0567
      epoch  60/60 | train loss 0.0558
      [timing] seed 42: 125.2s
    seed 123
      epoch   1/60 | train loss 0.1314
      epoch  10/60 | train loss 0.0784
      epoch  20/60 | train loss 0.0672
      epoch  30/60 | train loss 0.0619
      epoch  40/60 | train loss 0.0585
      epoch  50/60 | train loss 0.0568
      epoch  60/60 | train loss 0.0560
      [timing] seed 123: 120.5s
    seed 777
      epoch   1/60 | train loss 0.1300
      epoch  10/60 | train loss 0.0775
      epoch  20/60 | train loss 0.0667
      epoch  30/60 | train loss 0.0616
      epoch  40/60 | train loss 0.0580
      epoch  50/60 | train loss 0.0564
      epoch  60/60 | train loss 0.0556
      [timing] seed 777: 127.1s

=== Final recursive forecasts ===
      epoch   1/60 | train loss 0.1386
      epoch  10/60 | train loss 0.0848
      epoch  20/60 | train loss 0.0769
      epoch  30/60 | train loss 0.0719
      epoch  40/60 | train loss 0.0690
      epoch  50/60 | train loss 0.0659
      epoch  60/60 | train loss 0.0656
      epoch   1/60 | train loss 0.1355
      epoch  10/60 | train loss 0.0860
      epoch  20/60 | train loss 0.0776
      epoch  30/60 | train loss 0.0727
      epoch  40/60 | train loss 0.0691
      epoch  50/60 | train loss 0.0670
      epoch  60/60 | train loss 0.0661
      epoch   1/60 | train loss 0.1372
      epoch  10/60 | train loss 0.0845
      epoch  20/60 | train loss 0.0770
      epoch  30/60 | train loss 0.0726
      epoch  40/60 | train loss 0.0693
      epoch  50/60 | train loss 0.0661
      epoch  60/60 | train loss 0.0656
Saved: outputs/results.json
Saved: outputs/forecast_plot.png

Saved canonical submission: NeuralNet/direct
Total runtime: 57.8 min
