Device: mps
Forecast strategy: both
CV resume enabled: outputs/checkpoints

=== DIRECT development CV ===
  [development] origin 2022-02-01: eval 2022-02-02..2022-02-08
      epoch   1/30 | train loss 0.1333
      epoch  10/30 | train loss 0.0486
      epoch  20/30 | train loss 0.0391
      epoch  30/30 | train loss 0.0355
      epoch   1/30 | train loss 0.1714
      epoch  10/30 | train loss 0.0497
      epoch  20/30 | train loss 0.0421
      epoch  30/30 | train loss 0.0382
      epoch   1/30 | train loss 0.1422
      epoch  10/30 | train loss 0.0501
      epoch  20/30 | train loss 0.0387
      epoch  30/30 | train loss 0.0363
    [timing] development 2022-02-01: NN 7.0s | trees 7.2s | fold total 14.6s
  [development] origin 2022-06-15: eval 2022-06-16..2022-06-22
      epoch   1/30 | train loss 0.1108
      epoch  10/30 | train loss 0.0538
      epoch  20/30 | train loss 0.0431
      epoch  30/30 | train loss 0.0404
      epoch   1/30 | train loss 0.1128
      epoch  10/30 | train loss 0.0542
      epoch  20/30 | train loss 0.0430
      epoch  30/30 | train loss 0.0397
      epoch   1/30 | train loss 0.1137
      epoch  10/30 | train loss 0.0532
      epoch  20/30 | train loss 0.0428
      epoch  30/30 | train loss 0.0397
    [timing] development 2022-06-15: NN 25.8s | trees 5.1s | fold total 31.3s
  [development] origin 2022-11-20: eval 2022-11-21..2022-11-27
      epoch   1/30 | train loss 0.1001
      epoch  10/30 | train loss 0.0522
      epoch  20/30 | train loss 0.0416
      epoch  30/30 | train loss 0.0390
      epoch   1/30 | train loss 0.0988
      epoch  10/30 | train loss 0.0523
      epoch  20/30 | train loss 0.0423
      epoch  30/30 | train loss 0.0394
      epoch   1/30 | train loss 0.1007
      epoch  10/30 | train loss 0.0519
      epoch  20/30 | train loss 0.0418
      epoch  30/30 | train loss 0.0389
    [timing] development 2022-11-20: NN 54.7s | trees 5.4s | fold total 60.7s
  [development] origin 2023-01-10: eval 2023-01-11..2023-01-17
      epoch   1/30 | train loss 0.1105
      epoch  10/30 | train loss 0.0572
      epoch  20/30 | train loss 0.0468
      epoch  30/30 | train loss 0.0432
      epoch   1/30 | train loss 0.1090
      epoch  10/30 | train loss 0.0572
      epoch  20/30 | train loss 0.0470
      epoch  30/30 | train loss 0.0437
      epoch   1/30 | train loss 0.1122
      epoch  10/30 | train loss 0.0565
      epoch  20/30 | train loss 0.0460
      epoch  30/30 | train loss 0.0429
    [timing] development 2023-01-10: NN 62.6s | trees 5.4s | fold total 68.6s
  [development] origin 2023-07-01: eval 2023-07-02..2023-07-08
      epoch   1/30 | train loss 0.1105
      epoch  10/30 | train loss 0.0576
      epoch  20/30 | train loss 0.0467
      epoch  30/30 | train loss 0.0433
      epoch   1/30 | train loss 0.1086
      epoch  10/30 | train loss 0.0573
      epoch  20/30 | train loss 0.0464
      epoch  30/30 | train loss 0.0433
      epoch   1/30 | train loss 0.1115
      epoch  10/30 | train loss 0.0569
      epoch  20/30 | train loss 0.0458
      epoch  30/30 | train loss 0.0429
    [timing] development 2023-07-01: NN 92.2s | trees 5.9s | fold total 98.8s
  [development] origin 2023-11-24: eval 2023-11-25..2023-12-01
      epoch   1/30 | train loss 0.1134
      epoch  10/30 | train loss 0.0588
      epoch  20/30 | train loss 0.0476
      epoch  30/30 | train loss 0.0445
      epoch   1/30 | train loss 0.1137
      epoch  10/30 | train loss 0.0586
      epoch  20/30 | train loss 0.0479
      epoch  30/30 | train loss 0.0444
      epoch   1/30 | train loss 0.1166
      epoch  10/30 | train loss 0.0587
      epoch  20/30 | train loss 0.0475
      epoch  30/30 | train loss 0.0440
    [timing] development 2023-11-24: NN 125.0s | trees 6.1s | fold total 131.9s
  [development] origin 2023-12-18: eval 2023-12-19..2023-12-25
      epoch   1/30 | train loss 0.1142
      epoch  10/30 | train loss 0.0586
      epoch  20/30 | train loss 0.0478
      epoch  30/30 | train loss 0.0443
      epoch   1/30 | train loss 0.1132
      epoch  10/30 | train loss 0.0580
      epoch  20/30 | train loss 0.0471
      epoch  30/30 | train loss 0.0445
      epoch   1/30 | train loss 0.1158
      epoch  10/30 | train loss 0.0586
      epoch  20/30 | train loss 0.0473
      epoch  30/30 | train loss 0.0441
    [timing] development 2023-12-18: NN 129.1s | trees 6.0s | fold total 136.0s
  [development] origin 2024-02-14: eval 2024-02-15..2024-02-21
      epoch   1/30 | train loss 0.1154
      epoch  10/30 | train loss 0.0596
      epoch  20/30 | train loss 0.0484
      epoch  30/30 | train loss 0.0451
      epoch   1/30 | train loss 0.1152
      epoch  10/30 | train loss 0.0594
      epoch  20/30 | train loss 0.0484
      epoch  30/30 | train loss 0.0452
      epoch   1/30 | train loss 0.1175
      epoch  10/30 | train loss 0.0596
      epoch  20/30 | train loss 0.0481
      epoch  30/30 | train loss 0.0450
    [timing] development 2024-02-14: NN 141.5s | trees 6.9s | fold total 149.3s
  [development] origin 2024-06-20: eval 2024-06-21..2024-06-27
      epoch   1/30 | train loss 0.1200
      epoch  10/30 | train loss 0.0632
      epoch  20/30 | train loss 0.0513
      epoch  30/30 | train loss 0.0480
      epoch   1/30 | train loss 0.1198
      epoch  10/30 | train loss 0.0628
      epoch  20/30 | train loss 0.0511
      epoch  30/30 | train loss 0.0480
      epoch   1/30 | train loss 0.1215
      epoch  10/30 | train loss 0.0629
      epoch  20/30 | train loss 0.0509
      epoch  30/30 | train loss 0.0475
    [timing] development 2024-06-20: NN 171.0s | trees 7.2s | fold total 179.2s
  [development] origin 2024-11-29: eval 2024-11-30..2024-12-06
      epoch   1/30 | train loss 0.1137
      epoch  10/30 | train loss 0.0603
      epoch  20/30 | train loss 0.0493
      epoch  30/30 | train loss 0.0463
      epoch   1/30 | train loss 0.1140
      epoch  10/30 | train loss 0.0602
      epoch  20/30 | train loss 0.0495
      epoch  30/30 | train loss 0.0466
      epoch   1/30 | train loss 0.1148
      epoch  10/30 | train loss 0.0604
      epoch  20/30 | train loss 0.0494
      epoch  30/30 | train loss 0.0464
    [timing] development 2024-11-29: NN 205.3s | trees 6.9s | fold total 213.2s
  [development] origin 2024-12-20: eval 2024-12-21..2024-12-27
      epoch   1/30 | train loss 0.1141
      epoch  10/30 | train loss 0.0602
      epoch  20/30 | train loss 0.0493
      epoch  30/30 | train loss 0.0463
      epoch   1/30 | train loss 0.1144
      epoch  10/30 | train loss 0.0597
      epoch  20/30 | train loss 0.0496
      epoch  30/30 | train loss 0.0466
      epoch   1/30 | train loss 0.1147
      epoch  10/30 | train loss 0.0603
      epoch  20/30 | train loss 0.0496
      epoch  30/30 | train loss 0.0464
    [timing] development 2024-12-20: NN 295.0s | trees 10.6s | fold total 306.6s
  [development] origin 2025-02-10: eval 2025-02-11..2025-02-17
      epoch   1/30 | train loss 0.1161
      epoch  10/30 | train loss 0.0621
      epoch  20/30 | train loss 0.0512
      epoch  30/30 | train loss 0.0481
      epoch   1/30 | train loss 0.1166
      epoch  10/30 | train loss 0.0617
      epoch  20/30 | train loss 0.0511
      epoch  30/30 | train loss 0.0484
      epoch   1/30 | train loss 0.1171
      epoch  10/30 | train loss 0.0618
      epoch  20/30 | train loss 0.0508
      epoch  30/30 | train loss 0.0483
    [timing] development 2025-02-10: NN 335.3s | trees 10.0s | fold total 347.0s

=== DIRECT recent-benchmark CV ===
  [recent_benchmark] origin 2026-01-04: eval 2026-01-05..2026-01-11
      epoch   1/30 | train loss 0.1091
      epoch  10/30 | train loss 0.0615
      epoch  20/30 | train loss 0.0522
      epoch  30/30 | train loss 0.0494
      epoch   1/30 | train loss 0.1098
      epoch  10/30 | train loss 0.0616
      epoch  20/30 | train loss 0.0520
      epoch  30/30 | train loss 0.0491
      epoch   1/30 | train loss 0.1096
      epoch  10/30 | train loss 0.0613
      epoch  20/30 | train loss 0.0519
      epoch  30/30 | train loss 0.0493
    [timing] recent_benchmark 2026-01-04: NN 452.6s | trees 11.2s | fold total 465.9s
  [recent_benchmark] origin 2025-12-28: eval 2025-12-29..2026-01-04
      epoch   1/30 | train loss 0.1086
      epoch  10/30 | train loss 0.0615
      epoch  20/30 | train loss 0.0521
      epoch  30/30 | train loss 0.0494
      epoch   1/30 | train loss 0.1095
      epoch  10/30 | train loss 0.0623
      epoch  20/30 | train loss 0.0526
      epoch  30/30 | train loss 0.0501
      epoch   1/30 | train loss 0.1096
      epoch  10/30 | train loss 0.0613
      epoch  20/30 | train loss 0.0523
      epoch  30/30 | train loss 0.0493
    [timing] recent_benchmark 2025-12-28: NN 448.4s | trees 11.7s | fold total 462.3s
  [recent_benchmark] origin 2025-12-21: eval 2025-12-22..2025-12-28
      epoch   1/30 | train loss 0.1078
      epoch  10/30 | train loss 0.0604
      epoch  20/30 | train loss 0.0510
      epoch  30/30 | train loss 0.0484
      epoch   1/30 | train loss 0.1084
      epoch  10/30 | train loss 0.0605
      epoch  20/30 | train loss 0.0512
      epoch  30/30 | train loss 0.0486
      epoch   1/30 | train loss 0.1080
      epoch  10/30 | train loss 0.0601
      epoch  20/30 | train loss 0.0508
      epoch  30/30 | train loss 0.0483
    [timing] recent_benchmark 2025-12-21: NN 440.0s | trees 10.8s | fold total 452.9s
  [recent_benchmark] origin 2025-12-14: eval 2025-12-15..2025-12-21
      epoch   1/30 | train loss 0.1075
      epoch  10/30 | train loss 0.0605
      epoch  20/30 | train loss 0.0509
      epoch  30/30 | train loss 0.0481
      epoch   1/30 | train loss 0.1085
      epoch  10/30 | train loss 0.0603
      epoch  20/30 | train loss 0.0511
      epoch  30/30 | train loss 0.0486
      epoch   1/30 | train loss 0.1079
      epoch  10/30 | train loss 0.0601
      epoch  20/30 | train loss 0.0510
      epoch  30/30 | train loss 0.0482
    [timing] recent_benchmark 2025-12-14: NN 440.2s | trees 11.4s | fold total 453.7s

=== RECURSIVE development CV ===
  [development/recursive] origin 2022-02-01: eval 2022-02-02..2022-02-08
      epoch   1/30 | train loss 0.2260
      epoch  10/30 | train loss 0.0870
      epoch  20/30 | train loss 0.0816
      epoch  30/30 | train loss 0.0823
      epoch   1/30 | train loss 0.2768
      epoch  10/30 | train loss 0.0992
      epoch  20/30 | train loss 0.0924
      epoch  30/30 | train loss 0.0841
      epoch   1/30 | train loss 0.2272
      epoch  10/30 | train loss 0.0963
      epoch  20/30 | train loss 0.1102
      epoch  30/30 | train loss 0.0848
    [timing] development/recursive 2022-02-01: NN 13.1s | structured 15.2s | fold total 28.7s
  [development/recursive] origin 2022-06-15: eval 2022-06-16..2022-06-22
      epoch   1/30 | train loss 0.1636
      epoch  10/30 | train loss 0.0713
      epoch  20/30 | train loss 0.0657
      epoch  30/30 | train loss 0.0648
      epoch   1/30 | train loss 0.1711
      epoch  10/30 | train loss 0.0736
      epoch  20/30 | train loss 0.0659
      epoch  30/30 | train loss 0.0631
      epoch   1/30 | train loss 0.1644
      epoch  10/30 | train loss 0.0727
      epoch  20/30 | train loss 0.0654
      epoch  30/30 | train loss 0.0635
    [timing] development/recursive 2022-06-15: NN 20.5s | structured 17.3s | fold total 38.4s
  [development/recursive] origin 2022-11-20: eval 2022-11-21..2022-11-27
      epoch   1/30 | train loss 0.1381
      epoch  10/30 | train loss 0.0676
      epoch  20/30 | train loss 0.0607
      epoch  30/30 | train loss 0.0604
      epoch   1/30 | train loss 0.1371
      epoch  10/30 | train loss 0.0670
      epoch  20/30 | train loss 0.0609
      epoch  30/30 | train loss 0.0590
      epoch   1/30 | train loss 0.1407
      epoch  10/30 | train loss 0.0682
      epoch  20/30 | train loss 0.0607
      epoch  30/30 | train loss 0.0596
    [timing] development/recursive 2022-11-20: NN 29.8s | structured 20.4s | fold total 50.9s
  [development/recursive] origin 2023-01-10: eval 2023-01-11..2023-01-17
      epoch   1/30 | train loss 0.1467
      epoch  10/30 | train loss 0.0738
      epoch  20/30 | train loss 0.0660
      epoch  30/30 | train loss 0.0649
      epoch   1/30 | train loss 0.1480
      epoch  10/30 | train loss 0.0746
      epoch  20/30 | train loss 0.0672
      epoch  30/30 | train loss 0.0657
      epoch   1/30 | train loss 0.1595
      epoch  10/30 | train loss 0.0753
      epoch  20/30 | train loss 0.0663
      epoch  30/30 | train loss 0.0647
    [timing] development/recursive 2023-01-10: NN 33.3s | structured 20.9s | fold total 55.0s
  [development/recursive] origin 2023-07-01: eval 2023-07-02..2023-07-08
      epoch   1/30 | train loss 0.1367
      epoch  10/30 | train loss 0.0741
      epoch  20/30 | train loss 0.0681
      epoch  30/30 | train loss 0.0654
      epoch   1/30 | train loss 0.1411
      epoch  10/30 | train loss 0.0749
      epoch  20/30 | train loss 0.0680
      epoch  30/30 | train loss 0.0660
      epoch   1/30 | train loss 0.1416
      epoch  10/30 | train loss 0.0751
      epoch  20/30 | train loss 0.0682
      epoch  30/30 | train loss 0.0658
    [timing] development/recursive 2023-07-01: NN 44.4s | structured 24.9s | fold total 70.2s
  [development/recursive] origin 2023-11-24: eval 2023-11-25..2023-12-01
      epoch   1/30 | train loss 0.1361
      epoch  10/30 | train loss 0.0755
      epoch  20/30 | train loss 0.0678
      epoch  30/30 | train loss 0.0654
      epoch   1/30 | train loss 0.1375
      epoch  10/30 | train loss 0.0748
      epoch  20/30 | train loss 0.0676
      epoch  30/30 | train loss 0.0654
      epoch   1/30 | train loss 0.1393
      epoch  10/30 | train loss 0.0762
      epoch  20/30 | train loss 0.0680
      epoch  30/30 | train loss 0.0661
    [timing] development/recursive 2023-11-24: NN 54.8s | structured 27.4s | fold total 83.2s
  [development/recursive] origin 2023-12-18: eval 2023-12-19..2023-12-25
      epoch   1/30 | train loss 0.1372
      epoch  10/30 | train loss 0.0741
      epoch  20/30 | train loss 0.0671
      epoch  30/30 | train loss 0.0656
      epoch   1/30 | train loss 0.1380
      epoch  10/30 | train loss 0.0752
      epoch  20/30 | train loss 0.0681
      epoch  30/30 | train loss 0.0649
      epoch   1/30 | train loss 0.1425
      epoch  10/30 | train loss 0.0761
      epoch  20/30 | train loss 0.0676
      epoch  30/30 | train loss 0.0652
    [timing] development/recursive 2023-12-18: NN 56.2s | structured 27.8s | fold total 85.2s
  [development/recursive] origin 2024-02-14: eval 2024-02-15..2024-02-21
      epoch   1/30 | train loss 0.1384
      epoch  10/30 | train loss 0.0750
      epoch  20/30 | train loss 0.0673
      epoch  30/30 | train loss 0.0657
      epoch   1/30 | train loss 0.1401
      epoch  10/30 | train loss 0.0760
      epoch  20/30 | train loss 0.0691
      epoch  30/30 | train loss 0.0650
      epoch   1/30 | train loss 0.1408
      epoch  10/30 | train loss 0.0764
      epoch  20/30 | train loss 0.0676
      epoch  30/30 | train loss 0.0654
    [timing] development/recursive 2024-02-14: NN 58.9s | structured 28.9s | fold total 88.9s
  [development/recursive] origin 2024-06-20: eval 2024-06-21..2024-06-27
      epoch   1/30 | train loss 0.1403
      epoch  10/30 | train loss 0.0779
      epoch  20/30 | train loss 0.0694
      epoch  30/30 | train loss 0.0676
      epoch   1/30 | train loss 0.1406
      epoch  10/30 | train loss 0.0777
      epoch  20/30 | train loss 0.0689
      epoch  30/30 | train loss 0.0670
      epoch   1/30 | train loss 0.1420
      epoch  10/30 | train loss 0.0768
      epoch  20/30 | train loss 0.0706
      epoch  30/30 | train loss 0.0680
    [timing] development/recursive 2024-06-20: NN 69.4s | structured 31.4s | fold total 102.0s
  [development/recursive] origin 2024-11-29: eval 2024-11-30..2024-12-06
      epoch   1/30 | train loss 0.1297
      epoch  10/30 | train loss 0.0742
      epoch  20/30 | train loss 0.0667
      epoch  30/30 | train loss 0.0636
      epoch   1/30 | train loss 0.1288
      epoch  10/30 | train loss 0.0744
      epoch  20/30 | train loss 0.0665
      epoch  30/30 | train loss 0.0645
      epoch   1/30 | train loss 0.1322
      epoch  10/30 | train loss 0.0737
      epoch  20/30 | train loss 0.0660
      epoch  30/30 | train loss 0.0633
    [timing] development/recursive 2024-11-29: NN 81.1s | structured 35.1s | fold total 117.5s
  [development/recursive] origin 2024-12-20: eval 2024-12-21..2024-12-27
      epoch   1/30 | train loss 0.1308
      epoch  10/30 | train loss 0.0732
      epoch  20/30 | train loss 0.0663
      epoch  30/30 | train loss 0.0640
      epoch   1/30 | train loss 0.1308
      epoch  10/30 | train loss 0.0746
      epoch  20/30 | train loss 0.0670
      epoch  30/30 | train loss 0.0644
      epoch   1/30 | train loss 0.1323
      epoch  10/30 | train loss 0.0737
      epoch  20/30 | train loss 0.0658
      epoch  30/30 | train loss 0.0633
    [timing] development/recursive 2024-12-20: NN 83.5s | structured 35.2s | fold total 120.2s
  [development/recursive] origin 2025-02-10: eval 2025-02-11..2025-02-17
      epoch   1/30 | train loss 0.1289
      epoch  10/30 | train loss 0.0759
      epoch  20/30 | train loss 0.0673
      epoch  30/30 | train loss 0.0653
      epoch   1/30 | train loss 0.1314
      epoch  10/30 | train loss 0.0766
      epoch  20/30 | train loss 0.0678
      epoch  30/30 | train loss 0.0649
      epoch   1/30 | train loss 0.1326
      epoch  10/30 | train loss 0.0740
      epoch  20/30 | train loss 0.0665
      epoch  30/30 | train loss 0.0641
    [timing] development/recursive 2025-02-10: NN 87.0s | structured 36.2s | fold total 124.7s

=== RECURSIVE recent-benchmark CV ===
  [recent_benchmark/recursive] origin 2026-01-04: eval 2026-01-05..2026-01-11
      epoch   1/30 | train loss 0.1204
      epoch  10/30 | train loss 0.0724
      epoch  20/30 | train loss 0.0654
      epoch  30/30 | train loss 0.0632
      epoch   1/30 | train loss 0.1236
      epoch  10/30 | train loss 0.0728
      epoch  20/30 | train loss 0.0663
      epoch  30/30 | train loss 0.0637
      epoch   1/30 | train loss 0.1258
      epoch  10/30 | train loss 0.0724
      epoch  20/30 | train loss 0.0660
      epoch  30/30 | train loss 0.0635
    [timing] recent_benchmark/recursive 2026-01-04: NN 111.4s | structured 41.9s | fold total 155.1s
  [recent_benchmark/recursive] origin 2025-12-28: eval 2025-12-29..2026-01-04
      epoch   1/30 | train loss 0.1213
      epoch  10/30 | train loss 0.0722
      epoch  20/30 | train loss 0.0654
      epoch  30/30 | train loss 0.0632
      epoch   1/30 | train loss 0.1243
      epoch  10/30 | train loss 0.0729
      epoch  20/30 | train loss 0.0661
      epoch  30/30 | train loss 0.0631
      epoch   1/30 | train loss 0.1240
      epoch  10/30 | train loss 0.0722
      epoch  20/30 | train loss 0.0655
      epoch  30/30 | train loss 0.0626
    [timing] recent_benchmark/recursive 2025-12-28: NN 110.4s | structured 42.0s | fold total 154.1s
  [recent_benchmark/recursive] origin 2025-12-21: eval 2025-12-22..2025-12-28
      epoch   1/30 | train loss 0.1189
      epoch  10/30 | train loss 0.0719
      epoch  20/30 | train loss 0.0644
      epoch  30/30 | train loss 0.0623
      epoch   1/30 | train loss 0.1219
      epoch  10/30 | train loss 0.0726
      epoch  20/30 | train loss 0.0641
      epoch  30/30 | train loss 0.0629
      epoch   1/30 | train loss 0.1232
      epoch  10/30 | train loss 0.0706
      epoch  20/30 | train loss 0.0647
      epoch  30/30 | train loss 0.0622
    [timing] recent_benchmark/recursive 2025-12-21: NN 109.1s | structured 42.5s | fold total 153.3s
  [recent_benchmark/recursive] origin 2025-12-14: eval 2025-12-15..2025-12-21
      epoch   1/30 | train loss 0.1203
      epoch  10/30 | train loss 0.0720
      epoch  20/30 | train loss 0.0654
      epoch  30/30 | train loss 0.0627
      epoch   1/30 | train loss 0.1206
      epoch  10/30 | train loss 0.0724
      epoch  20/30 | train loss 0.0658
      epoch  30/30 | train loss 0.0631
      epoch   1/30 | train loss 0.1238
      epoch  10/30 | train loss 0.0716
      epoch  20/30 | train loss 0.0646
      epoch  30/30 | train loss 0.0621
    [timing] recent_benchmark/recursive 2025-12-14: NN 110.0s | structured 42.0s | fold total 153.7s

Canonical selection: NeuralNet / direct

=== Final direct forecasts ===
    seed 42
      epoch   1/60 | train loss 0.1093
      epoch  10/60 | train loss 0.0617
      epoch  20/60 | train loss 0.0524
      epoch  30/60 | train loss 0.0480
      epoch  40/60 | train loss 0.0455
      epoch  50/60 | train loss 0.0441
      epoch  60/60 | train loss 0.0435
      [timing] seed 42: 306.3s
    seed 123
      epoch   1/60 | train loss 0.1100
      epoch  10/60 | train loss 0.0617
      epoch  20/60 | train loss 0.0524
      epoch  30/60 | train loss 0.0483
      epoch  40/60 | train loss 0.0459
      epoch  50/60 | train loss 0.0445
      epoch  60/60 | train loss 0.0440
      [timing] seed 123: 303.9s
    seed 777
      epoch   1/60 | train loss 0.1097
      epoch  10/60 | train loss 0.0618
      epoch  20/60 | train loss 0.0524
      epoch  30/60 | train loss 0.0479
      epoch  40/60 | train loss 0.0456
      epoch  50/60 | train loss 0.0440
      epoch  60/60 | train loss 0.0435
      [timing] seed 777: 192.9s

=== Final recursive forecasts ===
      epoch   1/60 | train loss 0.1208
      epoch  10/60 | train loss 0.0726
      epoch  20/60 | train loss 0.0656
      epoch  30/60 | train loss 0.0613
      epoch  40/60 | train loss 0.0588
      epoch  50/60 | train loss 0.0570
      epoch  60/60 | train loss 0.0561
      epoch   1/60 | train loss 0.1238
      epoch  10/60 | train loss 0.0735
      epoch  20/60 | train loss 0.0656
      epoch  30/60 | train loss 0.0627
      epoch  40/60 | train loss 0.0594
      epoch  50/60 | train loss 0.0572
      epoch  60/60 | train loss 0.0569
      epoch   1/60 | train loss 0.1250
      epoch  10/60 | train loss 0.0724
      epoch  20/60 | train loss 0.0654
      epoch  30/60 | train loss 0.0612
      epoch  40/60 | train loss 0.0592
      epoch  50/60 | train loss 0.0566
      epoch  60/60 | train loss 0.0560
Saved: outputs/results.json
Saved: outputs/forecast_plot.png

Saved canonical submission: NeuralNet/direct
Total runtime: 101.9 min
